<?xml version="1.0" encoding="UTF-8"?>
<!-- Generated by org.testng.reporters.JUnitReportReporter -->
<testsuite hostname="DESKTOP-VEMCPH6" failures="0" tests="5" name="spotify.oauth2.tests.PlaylistTest" time="3.377" errors="0" timestamp="2024-06-14T01:04:54 IST" skipped="4">
  <testcase classname="spotify.oauth2.tests.PlaylistTest" name="ShouldNotBeAbleToCreatePlaylistwithExpiredToken" time="3.377"/>
  <system-out/>
  <testcase classname="spotify.oauth2.tests.PlaylistTest" name="ShouldBeAbleToUpdatePlaylist">
    <skipped/>
  </testcase> <!-- ShouldBeAbleToUpdatePlaylist -->
  <system-out/>
  <testcase classname="spotify.oauth2.tests.PlaylistTest" name="ShouldBeAbleToGetPlaylist">
    <skipped/>
  </testcase> <!-- ShouldBeAbleToGetPlaylist -->
  <system-out/>
  <testcase classname="spotify.oauth2.tests.PlaylistTest" name="ShouldNotBeAbleToCreatePlaylist">
    <skipped/>
  </testcase> <!-- ShouldNotBeAbleToCreatePlaylist -->
  <system-out/>
  <testcase classname="spotify.oauth2.tests.PlaylistTest" name="ShouldBeAbleToCreatePlaylist">
    <skipped/>
  </testcase> <!-- ShouldBeAbleToCreatePlaylist -->
  <system-out/>
</testsuite> <!-- spotify.oauth2.tests.PlaylistTest -->
