<?xml version="1.0" encoding="UTF-8"?>
<!-- Generated by org.testng.reporters.JUnitReportReporter -->
<testsuite hostname="DESKTOP-VEMCPH6" failures="0" tests="5" name="com.spotify.oauth2.tests.PlaylistTest" time="8.237" errors="0" timestamp="2024-06-17T17:14:30 IST" skipped="0">
  <testcase classname="com.spotify.oauth2.tests.PlaylistTest" name="ShouldNotBeAbleToCreatePlaylistwithExpiredToken" time="0.186"/>
  <system-out/>
  <testcase classname="com.spotify.oauth2.tests.PlaylistTest" name="ShouldNotBeAbleToCreatePlaylistwithName" time="0.219"/>
  <system-out/>
  <testcase classname="com.spotify.oauth2.tests.PlaylistTest" name="ShouldBeAbleToCreatePlaylistPOJO" time="7.252"/>
  <system-out/>
  <testcase classname="com.spotify.oauth2.tests.PlaylistTest" name="ShouldBeAbleToGetPlaylistPOJO" time="0.268"/>
  <system-out/>
  <testcase classname="com.spotify.oauth2.tests.PlaylistTest" name="ShouldBeAbleToUpdatePlaylistPOJO" time="0.312"/>
  <system-out/>
</testsuite> <!-- com.spotify.oauth2.tests.PlaylistTest -->
