<?xml version="1.0" encoding="UTF-8"?>
<!-- Generated by org.testng.reporters.JUnitReportReporter -->
<testsuite hostname="DESKTOP-VEMCPH6" failures="0" tests="5" name="com.spotify.oauth2.tests.PlaylistTest" time="10.764" errors="0" timestamp="2024-06-19T00:49:42 IST" skipped="0">
  <testcase classname="com.spotify.oauth2.tests.PlaylistTest" name="ShouldBeAbleToGetPlaylistPOJO" time="0.784"/>
  <system-out/>
  <testcase classname="com.spotify.oauth2.tests.PlaylistTest" name="ShouldBeAbleToUpdatePlaylistPOJO" time="0.389"/>
  <system-out/>
  <testcase classname="com.spotify.oauth2.tests.PlaylistTest" name="ShouldNotBeAbleToCreatePlaylistwithName" time="0.524"/>
  <system-out/>
  <testcase classname="com.spotify.oauth2.tests.PlaylistTest" name="ShouldBeAbleToCreatePlaylistPOJO" time="8.605"/>
  <system-out/>
  <testcase classname="com.spotify.oauth2.tests.PlaylistTest" name="ShouldNotBeAbleToCreatePlaylistwithExpiredToken" time="0.462"/>
  <system-out/>
</testsuite> <!-- com.spotify.oauth2.tests.PlaylistTest -->
