<?xml version="1.0" encoding="UTF-8"?>
<!-- Generated by org.testng.reporters.JUnitReportReporter -->
<testsuite hostname="DESKTOP-VEMCPH6" failures="0" tests="5" name="com.spotify.oauth2.tests.PlaylistTest" time="64.403" errors="0" timestamp="2024-06-17T20:27:04 IST" skipped="0">
  <testcase classname="com.spotify.oauth2.tests.PlaylistTest" name="ShouldBeAbleToGetPlaylistPOJO" time="13.420"/>
  <system-out/>
  <testcase classname="com.spotify.oauth2.tests.PlaylistTest" name="ShouldBeAbleToUpdatePlaylistPOJO" time="13.954"/>
  <system-out/>
  <testcase classname="com.spotify.oauth2.tests.PlaylistTest" name="ShouldNotBeAbleToCreatePlaylistwithName" time="13.881"/>
  <system-out/>
  <testcase classname="com.spotify.oauth2.tests.PlaylistTest" name="ShouldNotBeAbleToCreatePlaylistwithExpiredToken" time="9.229"/>
  <system-out/>
  <testcase classname="com.spotify.oauth2.tests.PlaylistTest" name="ShouldBeAbleToCreatePlaylistPOJO" time="13.919"/>
  <system-out/>
</testsuite> <!-- com.spotify.oauth2.tests.PlaylistTest -->
