<?xml version="1.0" encoding="UTF-8"?>
<!-- Generated by org.testng.reporters.JUnitReportReporter -->
<testsuite hostname="DESKTOP-VEMCPH6" failures="0" tests="5" name="com.spotify.oauth2.tests.PlaylistTest" time="66.756" errors="0" timestamp="2024-06-19T00:47:08 IST" skipped="0">
  <testcase classname="com.spotify.oauth2.tests.PlaylistTest" name="ShouldBeAbleToUpdatePlaylistPOJO" time="13.954"/>
  <system-out/>
  <testcase classname="com.spotify.oauth2.tests.PlaylistTest" name="ShouldBeAbleToGetPlaylistPOJO" time="13.899"/>
  <system-out/>
  <testcase classname="com.spotify.oauth2.tests.PlaylistTest" name="ShouldBeAbleToCreatePlaylistPOJO" time="13.888"/>
  <system-out/>
  <testcase classname="com.spotify.oauth2.tests.PlaylistTest" name="ShouldNotBeAbleToCreatePlaylistwithExpiredToken" time="11.290"/>
  <system-out/>
  <testcase classname="com.spotify.oauth2.tests.PlaylistTest" name="ShouldNotBeAbleToCreatePlaylistwithName" time="13.725"/>
  <system-out/>
</testsuite> <!-- com.spotify.oauth2.tests.PlaylistTest -->
